Sun 23 Nov 2025 12:51:02 INFO  ['run_with_unseen.py', '--mode', 'pre']
Sun 23 Nov 2025 12:51:02 INFO  
General Hyper Parameters:
gpu_id = 0
use_gpu = True
seed = 2020
state = INFO
reproducibility = True
data_path = dataset/amazon-beauty
checkpoint_dir = saved
show_progress = True
save_dataset = False
dataset_save_path = None
save_dataloaders = False
dataloaders_save_path = None
log_wandb = False

Training Hyper Parameters:
epochs = 100
train_batch_size = 2048
learner = adam
learning_rate = 0.001
train_neg_sample_args = {'distribution': 'none', 'sample_num': 'none', 'alpha': 'none', 'dynamic': False, 'candidate_num': 0}
eval_step = 1
stopping_step = 10
clip_grad_norm = None
weight_decay = 0.0
loss_decimal_place = 4

Evaluation Hyper Parameters:
eval_args = {'split': {'LS': 'valid_and_test'}, 'order': 'TO', 'group_by': 'user', 'mode': {'valid': 'full', 'test': 'full'}}
repeatable = True
metrics = ['Hit', 'NDCG', 'MRR']
topk = [10, 20]
valid_metric = NDCG@10
valid_metric_bigger = True
eval_batch_size = 4096
metric_decimal_place = 4

Dataset Hyper Parameters:
field_separator = 	
seq_separator =  
USER_ID_FIELD = user_id
ITEM_ID_FIELD = item_id
RATING_FIELD = rating
TIME_FIELD = timestamp
seq_len = None
LABEL_FIELD = label
threshold = None
NEG_PREFIX = neg_
load_col = {'inter': ['user_id', 'item_id', 'timestamp']}
unload_col = None
unused_col = None
additional_feat_suffix = None
rm_dup_inter = None
val_interval = None
filter_inter_by_user_or_item = True
user_inter_num_interval = [5,inf)
item_inter_num_interval = [5,inf)
alias_of_user_id = None
alias_of_item_id = None
alias_of_entity_id = None
alias_of_relation_id = None
preload_weight = None
normalize_field = None
normalize_all = None
ITEM_LIST_LENGTH_FIELD = item_length
LIST_SUFFIX = _list
MAX_ITEM_LIST_LENGTH = 200
POSITION_FIELD = position_id
HEAD_ENTITY_ID_FIELD = head_id
TAIL_ENTITY_ID_FIELD = tail_id
RELATION_ID_FIELD = relation_id
ENTITY_ID_FIELD = entity_id
benchmark_filename = None

Other Hyper Parameters: 
worker = 0
wandb_project = recbole
shuffle = True
require_pow = False
enable_amp = False
enable_scaler = False
transform = None
numerical_features = []
discretization = None
kg_reverse_r = False
entity_kg_num_interval = [0,inf)
relation_kg_num_interval = [0,inf)
MODEL_TYPE = ModelType.SEQUENTIAL
bd_lru_only = False
disable_conv1d = False
disable_ffn = False
hidden_size = 64
num_layers = 2
dropout_prob = 0.2
loss_type = CE
expand = 2
d_conv = 4
MODEL_INPUT_TYPE = InputType.POINTWISE
eval_type = EvaluatorType.RANKING
single_spec = True
local_rank = 0
device = cuda
valid_neg_sample_args = {'distribution': 'uniform', 'sample_num': 'none'}
test_neg_sample_args = {'distribution': 'uniform', 'sample_num': 'none'}


Sun 23 Nov 2025 12:51:15 INFO  amazon-beauty
The number of users: 18897
Average actions of users: 8.868966977138019
The number of items: 10544
Average actions of items: 15.895665370387935
The number of inters: 167588
The sparsity of the dataset: 99.91589057620325%
Remain Fields: ['user_id', 'item_id', 'timestamp']
Sun 23 Nov 2025 12:51:19 INFO  [Training]: train_batch_size = [2048] train_neg_sample_args: [{'distribution': 'none', 'sample_num': 'none', 'alpha': 'none', 'dynamic': False, 'candidate_num': 0}]
Sun 23 Nov 2025 12:51:19 INFO  [Evaluation]: eval_batch_size = [4096] eval_args: [{'split': {'LS': 'valid_and_test'}, 'order': 'TO', 'group_by': 'user', 'mode': {'valid': 'full', 'test': 'full'}}]
Sun 23 Nov 2025 12:51:19 INFO  RecBLR(
  (item_embedding): Embedding(10544, 64, padding_idx=0)
  (layer_norm): LayerNorm((64,), eps=1e-12, elementwise_affine=True)
  (dropout): Dropout(p=0.2, inplace=False)
  (recurrent_layers): ModuleList(
    (0-1): 2 x RecurrentLayer(
      (behavior_modeling): GatedRecurrentLayer(
        (input): Linear(in_features=64, out_features=256, bias=False)
        (conv1d): Conv1d(128, 128, kernel_size=(4,), stride=(1,), padding=(3,), groups=128)
        (gates): Linear(in_features=128, out_features=256, bias=True)
        (output): Linear(in_features=128, out_features=64, bias=False)
      )
      (dropout): Dropout(p=0.2, inplace=False)
      (layer_norm): LayerNorm((64,), eps=1e-12, elementwise_affine=True)
      (ffn): FeedForward(
        (w_1): Linear(in_features=64, out_features=256, bias=True)
        (w_2): Linear(in_features=256, out_features=64, bias=True)
        (dropout): Dropout(p=0.2, inplace=False)
        (layer_norm): LayerNorm((64,), eps=1e-12, elementwise_affine=True)
      )
    )
  )
  (loss_fct): CrossEntropyLoss()
)
Trainable parameters: 858368
Sun 23 Nov 2025 12:51:19 INFO  FLOPs: 40120896.0
Sun 23 Nov 2025 12:51:20 INFO  ================================================================================
Sun 23 Nov 2025 12:51:20 INFO  Training phase
Sun 23 Nov 2025 12:51:20 INFO  ================================================================================
Sun 23 Nov 2025 12:51:30 INFO  epoch 0 training [time: 9.71s, train loss: 502.6616]
Sun 23 Nov 2025 12:51:31 INFO  epoch 0 evaluating [time: 0.75s, valid_score: 0.006100]
Sun 23 Nov 2025 12:51:31 INFO  valid result: 
hit@10 : 0.0121    hit@20 : 0.0224    ndcg@10 : 0.0061    ndcg@20 : 0.0087    mrr@10 : 0.0043    mrr@20 : 0.005
Sun 23 Nov 2025 12:51:31 INFO  Saving current: saved/RecBLR-Nov-23-2025_12-51-19.pth
Sun 23 Nov 2025 12:51:40 INFO  epoch 1 training [time: 9.66s, train loss: 470.1400]
Sun 23 Nov 2025 12:51:41 INFO  epoch 1 evaluating [time: 0.71s, valid_score: 0.017300]
Sun 23 Nov 2025 12:51:41 INFO  valid result: 
hit@10 : 0.0361    hit@20 : 0.0552    ndcg@10 : 0.0173    ndcg@20 : 0.0221    mrr@10 : 0.0117    mrr@20 : 0.013
Sun 23 Nov 2025 12:51:41 INFO  Saving current: saved/RecBLR-Nov-23-2025_12-51-19.pth
Sun 23 Nov 2025 12:51:51 INFO  epoch 2 training [time: 9.65s, train loss: 441.9973]
Sun 23 Nov 2025 12:51:51 INFO  epoch 2 evaluating [time: 0.73s, valid_score: 0.025300]
Sun 23 Nov 2025 12:51:51 INFO  valid result: 
hit@10 : 0.0497    hit@20 : 0.0745    ndcg@10 : 0.0253    ndcg@20 : 0.0316    mrr@10 : 0.0179    mrr@20 : 0.0197
Sun 23 Nov 2025 12:51:51 INFO  Saving current: saved/RecBLR-Nov-23-2025_12-51-19.pth
Sun 23 Nov 2025 12:52:01 INFO  epoch 3 training [time: 9.65s, train loss: 420.1832]
Sun 23 Nov 2025 12:52:02 INFO  epoch 3 evaluating [time: 0.73s, valid_score: 0.032500]
Sun 23 Nov 2025 12:52:02 INFO  valid result: 
hit@10 : 0.0647    hit@20 : 0.0945    ndcg@10 : 0.0325    ndcg@20 : 0.0399    mrr@10 : 0.0228    mrr@20 : 0.0248
Sun 23 Nov 2025 12:52:02 INFO  Saving current: saved/RecBLR-Nov-23-2025_12-51-19.pth
Sun 23 Nov 2025 12:52:11 INFO  epoch 4 training [time: 9.66s, train loss: 405.1695]
Sun 23 Nov 2025 12:52:12 INFO  epoch 4 evaluating [time: 0.72s, valid_score: 0.037300]
Sun 23 Nov 2025 12:52:12 INFO  valid result: 
hit@10 : 0.0733    hit@20 : 0.1071    ndcg@10 : 0.0373    ndcg@20 : 0.0458    mrr@10 : 0.0264    mrr@20 : 0.0287
Sun 23 Nov 2025 12:52:12 INFO  Saving current: saved/RecBLR-Nov-23-2025_12-51-19.pth
Sun 23 Nov 2025 12:52:22 INFO  epoch 5 training [time: 9.66s, train loss: 393.1818]
Sun 23 Nov 2025 12:52:23 INFO  epoch 5 evaluating [time: 0.73s, valid_score: 0.041700]
Sun 23 Nov 2025 12:52:23 INFO  valid result: 
hit@10 : 0.0814    hit@20 : 0.1189    ndcg@10 : 0.0417    ndcg@20 : 0.0511    mrr@10 : 0.0296    mrr@20 : 0.0322
Sun 23 Nov 2025 12:52:23 INFO  Saving current: saved/RecBLR-Nov-23-2025_12-51-19.pth
Sun 23 Nov 2025 12:52:32 INFO  epoch 6 training [time: 9.65s, train loss: 382.9436]
Sun 23 Nov 2025 12:52:33 INFO  epoch 6 evaluating [time: 0.72s, valid_score: 0.045400]
Sun 23 Nov 2025 12:52:33 INFO  valid result: 
hit@10 : 0.0867    hit@20 : 0.1233    ndcg@10 : 0.0454    ndcg@20 : 0.0547    mrr@10 : 0.0329    mrr@20 : 0.0354
Sun 23 Nov 2025 12:52:33 INFO  Saving current: saved/RecBLR-Nov-23-2025_12-51-19.pth
Sun 23 Nov 2025 12:52:43 INFO  epoch 7 training [time: 9.65s, train loss: 373.7955]
Sun 23 Nov 2025 12:52:43 INFO  epoch 7 evaluating [time: 0.73s, valid_score: 0.047600]
Sun 23 Nov 2025 12:52:43 INFO  valid result: 
hit@10 : 0.0917    hit@20 : 0.1287    ndcg@10 : 0.0476    ndcg@20 : 0.0569    mrr@10 : 0.0341    mrr@20 : 0.0367
Sun 23 Nov 2025 12:52:43 INFO  Saving current: saved/RecBLR-Nov-23-2025_12-51-19.pth
Sun 23 Nov 2025 12:52:53 INFO  epoch 8 training [time: 9.66s, train loss: 365.6133]
Sun 23 Nov 2025 12:52:54 INFO  epoch 8 evaluating [time: 0.72s, valid_score: 0.049500]
Sun 23 Nov 2025 12:52:54 INFO  valid result: 
hit@10 : 0.0955    hit@20 : 0.1343    ndcg@10 : 0.0495    ndcg@20 : 0.0592    mrr@10 : 0.0354    mrr@20 : 0.038
Sun 23 Nov 2025 12:52:54 INFO  Saving current: saved/RecBLR-Nov-23-2025_12-51-19.pth
Sun 23 Nov 2025 12:53:03 INFO  epoch 9 training [time: 9.67s, train loss: 357.9576]
Sun 23 Nov 2025 12:53:04 INFO  epoch 9 evaluating [time: 0.71s, valid_score: 0.050200]
Sun 23 Nov 2025 12:53:04 INFO  valid result: 
hit@10 : 0.0982    hit@20 : 0.1379    ndcg@10 : 0.0502    ndcg@20 : 0.0602    mrr@10 : 0.0355    mrr@20 : 0.0383
Sun 23 Nov 2025 12:53:04 INFO  Saving current: saved/RecBLR-Nov-23-2025_12-51-19.pth
Sun 23 Nov 2025 12:53:14 INFO  epoch 10 training [time: 9.66s, train loss: 351.1125]
Sun 23 Nov 2025 12:53:15 INFO  epoch 10 evaluating [time: 0.73s, valid_score: 0.051400]
Sun 23 Nov 2025 12:53:15 INFO  valid result: 
hit@10 : 0.1018    hit@20 : 0.1416    ndcg@10 : 0.0514    ndcg@20 : 0.0614    mrr@10 : 0.0359    mrr@20 : 0.0387
Sun 23 Nov 2025 12:53:15 INFO  Saving current: saved/RecBLR-Nov-23-2025_12-51-19.pth
Sun 23 Nov 2025 12:53:24 INFO  epoch 11 training [time: 9.66s, train loss: 344.9317]
Sun 23 Nov 2025 12:53:25 INFO  epoch 11 evaluating [time: 0.71s, valid_score: 0.051500]
Sun 23 Nov 2025 12:53:25 INFO  valid result: 
hit@10 : 0.102    hit@20 : 0.1428    ndcg@10 : 0.0515    ndcg@20 : 0.0618    mrr@10 : 0.036    mrr@20 : 0.0388
Sun 23 Nov 2025 12:53:25 INFO  Saving current: saved/RecBLR-Nov-23-2025_12-51-19.pth
Sun 23 Nov 2025 12:53:35 INFO  epoch 12 training [time: 9.67s, train loss: 339.3074]
Sun 23 Nov 2025 12:53:35 INFO  epoch 12 evaluating [time: 0.73s, valid_score: 0.052200]
Sun 23 Nov 2025 12:53:35 INFO  valid result: 
hit@10 : 0.1035    hit@20 : 0.147    ndcg@10 : 0.0522    ndcg@20 : 0.0632    mrr@10 : 0.0365    mrr@20 : 0.0394
Sun 23 Nov 2025 12:53:35 INFO  Saving current: saved/RecBLR-Nov-23-2025_12-51-19.pth
Sun 23 Nov 2025 12:53:45 INFO  epoch 13 training [time: 9.66s, train loss: 334.1671]
Sun 23 Nov 2025 12:53:46 INFO  epoch 13 evaluating [time: 0.72s, valid_score: 0.052900]
Sun 23 Nov 2025 12:53:46 INFO  valid result: 
hit@10 : 0.1068    hit@20 : 0.146    ndcg@10 : 0.0529    ndcg@20 : 0.0628    mrr@10 : 0.0364    mrr@20 : 0.0391
Sun 23 Nov 2025 12:53:46 INFO  Saving current: saved/RecBLR-Nov-23-2025_12-51-19.pth
Sun 23 Nov 2025 12:53:55 INFO  epoch 14 training [time: 9.66s, train loss: 329.6169]
Sun 23 Nov 2025 12:53:56 INFO  epoch 14 evaluating [time: 0.71s, valid_score: 0.052300]
Sun 23 Nov 2025 12:53:56 INFO  valid result: 
hit@10 : 0.1052    hit@20 : 0.1466    ndcg@10 : 0.0523    ndcg@20 : 0.0627    mrr@10 : 0.036    mrr@20 : 0.0388
Sun 23 Nov 2025 12:54:06 INFO  epoch 15 training [time: 9.67s, train loss: 325.4598]
Sun 23 Nov 2025 12:54:07 INFO  epoch 15 evaluating [time: 0.74s, valid_score: 0.052200]
Sun 23 Nov 2025 12:54:07 INFO  valid result: 
hit@10 : 0.1049    hit@20 : 0.1466    ndcg@10 : 0.0522    ndcg@20 : 0.0627    mrr@10 : 0.0359    mrr@20 : 0.0388
Sun 23 Nov 2025 12:54:16 INFO  epoch 16 training [time: 9.67s, train loss: 321.4076]
Sun 23 Nov 2025 12:54:17 INFO  epoch 16 evaluating [time: 0.73s, valid_score: 0.052800]
Sun 23 Nov 2025 12:54:17 INFO  valid result: 
hit@10 : 0.1063    hit@20 : 0.1483    ndcg@10 : 0.0528    ndcg@20 : 0.0634    mrr@10 : 0.0363    mrr@20 : 0.0392
Sun 23 Nov 2025 12:54:27 INFO  epoch 17 training [time: 9.68s, train loss: 318.3990]
Sun 23 Nov 2025 12:54:27 INFO  epoch 17 evaluating [time: 0.72s, valid_score: 0.053100]
Sun 23 Nov 2025 12:54:27 INFO  valid result: 
hit@10 : 0.1068    hit@20 : 0.1472    ndcg@10 : 0.0531    ndcg@20 : 0.0632    mrr@10 : 0.0365    mrr@20 : 0.0393
Sun 23 Nov 2025 12:54:27 INFO  Saving current: saved/RecBLR-Nov-23-2025_12-51-19.pth
Sun 23 Nov 2025 12:54:37 INFO  epoch 18 training [time: 9.67s, train loss: 315.4293]
Sun 23 Nov 2025 12:54:38 INFO  epoch 18 evaluating [time: 0.71s, valid_score: 0.052800]
Sun 23 Nov 2025 12:54:38 INFO  valid result: 
hit@10 : 0.1066    hit@20 : 0.1485    ndcg@10 : 0.0528    ndcg@20 : 0.0633    mrr@10 : 0.0362    mrr@20 : 0.039
Sun 23 Nov 2025 12:54:47 INFO  epoch 19 training [time: 9.70s, train loss: 312.5111]
Sun 23 Nov 2025 12:54:48 INFO  epoch 19 evaluating [time: 0.72s, valid_score: 0.053300]
Sun 23 Nov 2025 12:54:48 INFO  valid result: 
hit@10 : 0.1076    hit@20 : 0.1474    ndcg@10 : 0.0533    ndcg@20 : 0.0633    mrr@10 : 0.0365    mrr@20 : 0.0392
Sun 23 Nov 2025 12:54:48 INFO  Saving current: saved/RecBLR-Nov-23-2025_12-51-19.pth
Sun 23 Nov 2025 12:54:58 INFO  epoch 20 training [time: 9.69s, train loss: 310.2602]
Sun 23 Nov 2025 12:54:59 INFO  epoch 20 evaluating [time: 0.76s, valid_score: 0.053400]
Sun 23 Nov 2025 12:54:59 INFO  valid result: 
hit@10 : 0.107    hit@20 : 0.1468    ndcg@10 : 0.0534    ndcg@20 : 0.0634    mrr@10 : 0.0368    mrr@20 : 0.0396
Sun 23 Nov 2025 12:54:59 INFO  Saving current: saved/RecBLR-Nov-23-2025_12-51-19.pth
Sun 23 Nov 2025 12:55:08 INFO  epoch 21 training [time: 9.66s, train loss: 307.8817]
Sun 23 Nov 2025 12:55:09 INFO  epoch 21 evaluating [time: 0.72s, valid_score: 0.052800]
Sun 23 Nov 2025 12:55:09 INFO  valid result: 
hit@10 : 0.1061    hit@20 : 0.1461    ndcg@10 : 0.0528    ndcg@20 : 0.0629    mrr@10 : 0.0364    mrr@20 : 0.0391
Sun 23 Nov 2025 12:55:19 INFO  epoch 22 training [time: 9.65s, train loss: 305.5895]
Sun 23 Nov 2025 12:55:19 INFO  epoch 22 evaluating [time: 0.74s, valid_score: 0.053500]
Sun 23 Nov 2025 12:55:19 INFO  valid result: 
hit@10 : 0.1064    hit@20 : 0.147    ndcg@10 : 0.0535    ndcg@20 : 0.0637    mrr@10 : 0.0372    mrr@20 : 0.04
Sun 23 Nov 2025 12:55:19 INFO  Saving current: saved/RecBLR-Nov-23-2025_12-51-19.pth
Sun 23 Nov 2025 12:55:29 INFO  epoch 23 training [time: 9.65s, train loss: 303.4047]
Sun 23 Nov 2025 12:55:30 INFO  epoch 23 evaluating [time: 0.72s, valid_score: 0.053300]
Sun 23 Nov 2025 12:55:30 INFO  valid result: 
hit@10 : 0.1054    hit@20 : 0.1464    ndcg@10 : 0.0533    ndcg@20 : 0.0636    mrr@10 : 0.0372    mrr@20 : 0.04
Sun 23 Nov 2025 12:55:39 INFO  epoch 24 training [time: 9.66s, train loss: 301.5524]
Sun 23 Nov 2025 12:55:40 INFO  epoch 24 evaluating [time: 0.75s, valid_score: 0.053500]
Sun 23 Nov 2025 12:55:40 INFO  valid result: 
hit@10 : 0.1057    hit@20 : 0.1468    ndcg@10 : 0.0535    ndcg@20 : 0.0639    mrr@10 : 0.0374    mrr@20 : 0.0402
Sun 23 Nov 2025 12:55:40 INFO  Saving current: saved/RecBLR-Nov-23-2025_12-51-19.pth
Sun 23 Nov 2025 12:55:50 INFO  epoch 25 training [time: 9.68s, train loss: 299.5618]
Sun 23 Nov 2025 12:55:51 INFO  epoch 25 evaluating [time: 0.72s, valid_score: 0.053200]
Sun 23 Nov 2025 12:55:51 INFO  valid result: 
hit@10 : 0.1048    hit@20 : 0.1465    ndcg@10 : 0.0532    ndcg@20 : 0.0638    mrr@10 : 0.0373    mrr@20 : 0.0402
Sun 23 Nov 2025 12:56:00 INFO  epoch 26 training [time: 9.68s, train loss: 297.8845]
Sun 23 Nov 2025 12:56:01 INFO  epoch 26 evaluating [time: 0.72s, valid_score: 0.053000]
Sun 23 Nov 2025 12:56:01 INFO  valid result: 
hit@10 : 0.1052    hit@20 : 0.1443    ndcg@10 : 0.053    ndcg@20 : 0.0629    mrr@10 : 0.037    mrr@20 : 0.0397
Sun 23 Nov 2025 12:56:11 INFO  epoch 27 training [time: 9.66s, train loss: 296.3622]
Sun 23 Nov 2025 12:56:11 INFO  epoch 27 evaluating [time: 0.72s, valid_score: 0.052500]
Sun 23 Nov 2025 12:56:11 INFO  valid result: 
hit@10 : 0.1031    hit@20 : 0.145    ndcg@10 : 0.0525    ndcg@20 : 0.0631    mrr@10 : 0.0369    mrr@20 : 0.0398
Sun 23 Nov 2025 12:56:21 INFO  epoch 28 training [time: 9.66s, train loss: 294.3977]
Sun 23 Nov 2025 12:56:22 INFO  epoch 28 evaluating [time: 0.74s, valid_score: 0.053000]
Sun 23 Nov 2025 12:56:22 INFO  valid result: 
hit@10 : 0.1038    hit@20 : 0.145    ndcg@10 : 0.053    ndcg@20 : 0.0634    mrr@10 : 0.0374    mrr@20 : 0.0402
Sun 23 Nov 2025 12:56:31 INFO  epoch 29 training [time: 9.67s, train loss: 292.4665]
Sun 23 Nov 2025 12:56:32 INFO  epoch 29 evaluating [time: 0.74s, valid_score: 0.053100]
Sun 23 Nov 2025 12:56:32 INFO  valid result: 
hit@10 : 0.1036    hit@20 : 0.1437    ndcg@10 : 0.0531    ndcg@20 : 0.0632    mrr@10 : 0.0375    mrr@20 : 0.0403
Sun 23 Nov 2025 12:56:42 INFO  epoch 30 training [time: 9.67s, train loss: 291.2339]
Sun 23 Nov 2025 12:56:43 INFO  epoch 30 evaluating [time: 0.72s, valid_score: 0.052900]
Sun 23 Nov 2025 12:56:43 INFO  valid result: 
hit@10 : 0.1022    hit@20 : 0.1446    ndcg@10 : 0.0529    ndcg@20 : 0.0636    mrr@10 : 0.0377    mrr@20 : 0.0406
Sun 23 Nov 2025 12:56:52 INFO  epoch 31 training [time: 9.67s, train loss: 289.6847]
Sun 23 Nov 2025 12:56:53 INFO  epoch 31 evaluating [time: 0.73s, valid_score: 0.052600]
Sun 23 Nov 2025 12:56:53 INFO  valid result: 
hit@10 : 0.1011    hit@20 : 0.1425    ndcg@10 : 0.0526    ndcg@20 : 0.063    mrr@10 : 0.0376    mrr@20 : 0.0404
Sun 23 Nov 2025 12:57:03 INFO  epoch 32 training [time: 9.68s, train loss: 288.1836]
Sun 23 Nov 2025 12:57:03 INFO  epoch 32 evaluating [time: 0.73s, valid_score: 0.052800]
Sun 23 Nov 2025 12:57:03 INFO  valid result: 
hit@10 : 0.1025    hit@20 : 0.1435    ndcg@10 : 0.0528    ndcg@20 : 0.0632    mrr@10 : 0.0376    mrr@20 : 0.0404
Sun 23 Nov 2025 12:57:13 INFO  epoch 33 training [time: 9.67s, train loss: 286.6424]
Sun 23 Nov 2025 12:57:14 INFO  epoch 33 evaluating [time: 0.71s, valid_score: 0.052700]
Sun 23 Nov 2025 12:57:14 INFO  valid result: 
hit@10 : 0.1015    hit@20 : 0.1416    ndcg@10 : 0.0527    ndcg@20 : 0.0628    mrr@10 : 0.0377    mrr@20 : 0.0404
Sun 23 Nov 2025 12:57:23 INFO  epoch 34 training [time: 9.66s, train loss: 285.5306]
Sun 23 Nov 2025 12:57:24 INFO  epoch 34 evaluating [time: 0.74s, valid_score: 0.052400]
Sun 23 Nov 2025 12:57:24 INFO  valid result: 
hit@10 : 0.0994    hit@20 : 0.1396    ndcg@10 : 0.0524    ndcg@20 : 0.0625    mrr@10 : 0.0378    mrr@20 : 0.0406
Sun 23 Nov 2025 12:57:34 INFO  epoch 35 training [time: 9.66s, train loss: 284.0432]
Sun 23 Nov 2025 12:57:35 INFO  epoch 35 evaluating [time: 0.74s, valid_score: 0.052600]
Sun 23 Nov 2025 12:57:35 INFO  valid result: 
hit@10 : 0.1004    hit@20 : 0.1411    ndcg@10 : 0.0526    ndcg@20 : 0.0629    mrr@10 : 0.0379    mrr@20 : 0.0407
Sun 23 Nov 2025 12:57:35 INFO  Finished training, best eval result in epoch 24
Sun 23 Nov 2025 12:57:35 INFO  Loading model structure and parameters from saved/RecBLR-Nov-23-2025_12-51-19.pth
Sun 23 Nov 2025 12:57:35 INFO  Seen Users Test Result: OrderedDict({'hit@10': 0.0835, 'hit@20': 0.1183, 'ndcg@10': 0.0425, 'ndcg@20': 0.0513, 'mrr@10': 0.03, 'mrr@20': 0.0324})
Sun 23 Nov 2025 12:57:35 INFO  ================================================================================
Sun 23 Nov 2025 12:57:35 INFO  Setting up item similarity for preprocessing
Sun 23 Nov 2025 12:57:35 INFO  ================================================================================
Sun 23 Nov 2025 12:58:30 INFO  Item similarity setup complete!
Sun 23 Nov 2025 12:58:30 INFO  ================================================================================
Sun 23 Nov 2025 12:58:30 INFO  Evaluation phase (mode=pre)
Sun 23 Nov 2025 12:58:30 INFO  ================================================================================
Sun 23 Nov 2025 13:04:09 INFO  The running environment of this training is as follows:
+-------------+------------------+
| Environment |      Usage       |
+=============+==================+
| CPU         |      3.70 %      |
+-------------+------------------+
| GPU         | 15.57 G/23.57 G  |
+-------------+------------------+
| Memory      | 22.72 G/251.57 G |
+-------------+------------------+
Sun 23 Nov 2025 13:04:09 INFO  best valid : OrderedDict({'hit@10': 0.1057, 'hit@20': 0.1468, 'ndcg@10': 0.0535, 'ndcg@20': 0.0639, 'mrr@10': 0.0374, 'mrr@20': 0.0402})
Sun 23 Nov 2025 13:04:09 INFO  Seen Users Test Result: OrderedDict({'hit@10': 0.0835, 'hit@20': 0.1183, 'ndcg@10': 0.0425, 'ndcg@20': 0.0513, 'mrr@10': 0.03, 'mrr@20': 0.0324})
Sun 23 Nov 2025 13:04:09 INFO  Unseen Users Test Result: {'hit@10': 0.02753959057551178, 'ndcg@10': 0.014646238896234523}
Sun 23 Nov 2025 13:04:10 INFO  Plots generated for RecBLR_config_pre: train_loss_plot.png, valid_score_plot.png, hit_rate_plot.png, ndcg_plot.png, mrr_plot.png
